2025-01-29 17:05:36,967 - PipelineRunner - ERROR - Critical error: Only one live display may be active at once
Traceback (most recent call last):
  File "/Users/shaanp/Documents/GitHub/apinpc/scripts/masterline.py", line 238, in <module>
    runner.run_pipeline()
    ~~~~~~~~~~~~~~~~~~~^^
  File "/Users/shaanp/Documents/GitHub/apinpc/scripts/masterline.py", line 215, in run_pipeline
    if self.run_script(name):
       ~~~~~~~~~~~~~~~^^^^^^
  File "/Users/shaanp/Documents/GitHub/apinpc/scripts/masterline.py", line 107, in run_script
    with Progress(
         ~~~~~~~~^
        SpinnerColumn(),
        ^^^^^^^^^^^^^^^^
        TextColumn("[progress.description]{task.description}"),
        ^^^^^^^^^^^^^^^^^^^^^^^^^^^^^^^^^^^^^^^^^^^^^^^^^^^^^^^
        console=console
        ^^^^^^^^^^^^^^^
    ) as progress:
    ^
  File "/Users/shaanp/Documents/GitHub/apinpc/venv/lib/python3.13/site-packages/rich/progress.py", line 1182, in __enter__
    self.start()
    ~~~~~~~~~~^^
  File "/Users/shaanp/Documents/GitHub/apinpc/venv/lib/python3.13/site-packages/rich/progress.py", line 1173, in start
    self.live.start(refresh=True)
    ~~~~~~~~~~~~~~~^^^^^^^^^^^^^^
  File "/Users/shaanp/Documents/GitHub/apinpc/venv/lib/python3.13/site-packages/rich/live.py", line 113, in start
    self.console.set_live(self)
    ~~~~~~~~~~~~~~~~~~~~~^^^^^^
  File "/Users/shaanp/Documents/GitHub/apinpc/venv/lib/python3.13/site-packages/rich/console.py", line 835, in set_live
    raise errors.LiveError("Only one live display may be active at once")
rich.errors.LiveError: Only one live display may be active at once
