2025-03-05 18:45:55,381 - reset_database - INFO - Database connection string: postgresql://postgres:***@localhost:5432/hyblock_data
2025-03-05 18:45:55,381 - reset_database - INFO - Reset attempt 1/3
2025-03-05 18:45:55,381 - reset_database - INFO - Starting database reset process
2025-03-05 18:45:55,381 - reset_database - INFO - Checking if database hyblock_data exists
2025-03-05 18:45:55,381 - reset_database - INFO - Connection parameters: host=localhost, port=5432, user=postgres
2025-03-05 18:45:55,404 - reset_database - INFO - Database hyblock_data already exists
2025-03-05 18:45:55,404 - reset_database - INFO - Connecting to database hyblock_data
2025-03-05 18:45:55,410 - reset_database - INFO - Reading schema from /Users/shaanp/Documents/GitHub/apinpc/hyblock_dashboard/schema.sql
2025-03-05 18:45:55,410 - reset_database - INFO - Executing schema SQL
2025-03-05 18:45:55,419 - reset_database - INFO - Schema SQL executed successfully
2025-03-05 18:45:55,419 - reset_database - INFO - Database reset completed successfully
2025-03-05 18:45:55,419 - reset_database - INFO - Database reset successful
2025-03-05 19:00:26,073 - reset_database - INFO - Database connection string: postgresql://postgres:***@localhost:5432/hyblock_data
2025-03-05 19:00:26,073 - reset_database - INFO - Reset attempt 1/3
2025-03-05 19:00:26,073 - reset_database - INFO - Starting database reset process
2025-03-05 19:00:26,073 - reset_database - INFO - Checking if database hyblock_data exists
2025-03-05 19:00:26,073 - reset_database - INFO - Connection parameters: host=localhost, port=5432, user=postgres
2025-03-05 19:00:26,095 - reset_database - INFO - Database hyblock_data already exists
2025-03-05 19:00:26,095 - reset_database - INFO - Connecting to database hyblock_data
2025-03-05 19:00:26,100 - reset_database - INFO - Reading schema from /Users/shaanp/Documents/GitHub/apinpc/hyblock_dashboard/schema.sql
2025-03-05 19:00:26,101 - reset_database - INFO - Executing schema SQL
2025-03-05 19:00:26,110 - reset_database - INFO - Schema SQL executed successfully
2025-03-05 19:00:26,110 - reset_database - INFO - Database reset completed successfully
2025-03-05 19:00:26,110 - reset_database - INFO - Database reset successful
2025-03-05 19:28:45,406 - reset_database - INFO - Database connection string: postgresql://postgres:***@localhost:5432/hyblock_data
2025-03-05 19:28:45,406 - reset_database - INFO - Reset attempt 1/3
2025-03-05 19:28:45,406 - reset_database - INFO - Starting database reset process
2025-03-05 19:28:45,406 - reset_database - INFO - Checking if database hyblock_data exists
2025-03-05 19:28:45,406 - reset_database - INFO - Connection parameters: host=localhost, port=5432, user=postgres
2025-03-05 19:28:45,427 - reset_database - INFO - Database hyblock_data already exists
2025-03-05 19:28:45,427 - reset_database - INFO - Connecting to database hyblock_data
2025-03-05 19:28:45,432 - reset_database - INFO - Reading schema from /Users/shaanp/Documents/GitHub/apinpc/hyblock_dashboard/schema.sql
2025-03-05 19:28:45,432 - reset_database - INFO - Executing schema SQL
2025-03-05 19:28:45,441 - reset_database - INFO - Schema SQL executed successfully
2025-03-05 19:28:45,441 - reset_database - INFO - Database reset completed successfully
2025-03-05 19:28:45,441 - reset_database - INFO - Database reset successful
2025-03-05 20:07:49,965 - reset_database - INFO - Database connection string: postgresql://postgres:***@localhost:5432/hyblock_data
2025-03-05 20:07:49,965 - reset_database - INFO - Reset attempt 1/3
2025-03-05 20:07:49,965 - reset_database - INFO - Starting database reset process
2025-03-05 20:07:49,965 - reset_database - INFO - Checking if database hyblock_data exists
2025-03-05 20:07:49,965 - reset_database - INFO - Connection parameters: host=localhost, port=5432, user=postgres
2025-03-05 20:07:49,989 - reset_database - INFO - Database hyblock_data already exists
2025-03-05 20:07:49,989 - reset_database - INFO - Connecting to database hyblock_data
2025-03-05 20:07:49,994 - reset_database - INFO - Reading schema from /Users/shaanp/Documents/GitHub/apinpc/hyblock_dashboard/schema.sql
2025-03-05 20:07:49,994 - reset_database - INFO - Executing schema SQL
2025-03-05 20:07:50,002 - reset_database - INFO - Schema SQL executed successfully
2025-03-05 20:07:50,002 - reset_database - INFO - Database reset completed successfully
2025-03-05 20:07:50,002 - reset_database - INFO - Database reset successful
2025-03-05 20:23:35,523 - reset_database - INFO - Database connection string: postgresql://postgres:***@localhost:5432/hyblock_data
2025-03-05 20:23:35,523 - reset_database - INFO - Reset attempt 1/3
2025-03-05 20:23:35,523 - reset_database - INFO - Starting database reset process
2025-03-05 20:23:35,523 - reset_database - INFO - Checking if database hyblock_data exists
2025-03-05 20:23:35,523 - reset_database - INFO - Connection parameters: host=localhost, port=5432, user=postgres
2025-03-05 20:23:35,544 - reset_database - INFO - Database hyblock_data already exists
2025-03-05 20:23:35,544 - reset_database - INFO - Connecting to database hyblock_data
2025-03-05 20:23:35,549 - reset_database - INFO - Reading schema from /Users/shaanp/Documents/GitHub/apinpc/hyblock_dashboard/schema.sql
2025-03-05 20:23:35,549 - reset_database - INFO - Executing schema SQL
2025-03-05 20:23:35,558 - reset_database - INFO - Schema SQL executed successfully
2025-03-05 20:23:35,558 - reset_database - INFO - Database reset completed successfully
2025-03-05 20:23:35,558 - reset_database - INFO - Database reset successful
2025-03-05 20:32:49,241 - reset_database - INFO - Database connection string: postgresql://postgres:***@localhost:5432/hyblock_data
2025-03-05 20:32:49,242 - reset_database - INFO - Reset attempt 1/3
2025-03-05 20:32:49,242 - reset_database - INFO - Starting database reset process
2025-03-05 20:32:49,242 - reset_database - INFO - Checking if database hyblock_data exists
2025-03-05 20:32:49,242 - reset_database - INFO - Connection parameters: host=localhost, port=5432, user=postgres
2025-03-05 20:32:49,263 - reset_database - INFO - Database hyblock_data already exists
2025-03-05 20:32:49,263 - reset_database - INFO - Connecting to database hyblock_data
2025-03-05 20:32:49,268 - reset_database - INFO - Reading schema from /Users/shaanp/Documents/GitHub/apinpc/hyblock_dashboard/schema.sql
2025-03-05 20:32:49,268 - reset_database - INFO - Executing schema SQL
2025-03-05 20:32:49,276 - reset_database - INFO - Schema SQL executed successfully
2025-03-05 20:32:49,276 - reset_database - INFO - Database reset completed successfully
2025-03-05 20:32:49,276 - reset_database - INFO - Database reset successful
2025-03-05 20:53:07,212 - reset_database - INFO - Database connection string: postgresql://postgres:***@localhost:5432/hyblock_data
2025-03-05 20:53:07,212 - reset_database - INFO - Reset attempt 1/3
2025-03-05 20:53:07,212 - reset_database - INFO - Starting database reset process
2025-03-05 20:53:07,212 - reset_database - INFO - Checking if database hyblock_data exists
2025-03-05 20:53:07,212 - reset_database - INFO - Connection parameters: host=localhost, port=5432, user=postgres
2025-03-05 20:53:07,236 - reset_database - INFO - Database hyblock_data already exists
2025-03-05 20:53:07,236 - reset_database - INFO - Connecting to database hyblock_data
2025-03-05 20:53:07,241 - reset_database - INFO - Reading schema from /Users/shaanp/Documents/GitHub/apinpc/hyblock_dashboard/schema.sql
2025-03-05 20:53:07,242 - reset_database - INFO - Executing schema SQL
2025-03-05 20:53:07,250 - reset_database - INFO - Schema SQL executed successfully
2025-03-05 20:53:07,250 - reset_database - INFO - Database reset completed successfully
2025-03-05 20:53:07,250 - reset_database - INFO - Database reset successful
2025-03-05 21:00:53,290 - reset_database - INFO - Database connection string: postgresql://postgres:***@localhost:5432/hyblock_data
2025-03-05 21:00:53,290 - reset_database - INFO - Reset attempt 1/3
2025-03-05 21:00:53,290 - reset_database - INFO - Starting database reset process
2025-03-05 21:00:53,290 - reset_database - INFO - Checking if database hyblock_data exists
2025-03-05 21:00:53,291 - reset_database - INFO - Connection parameters: host=localhost, port=5432, user=postgres
2025-03-05 21:00:53,313 - reset_database - INFO - Database hyblock_data already exists
2025-03-05 21:00:53,314 - reset_database - INFO - Connecting to database hyblock_data
2025-03-05 21:00:53,319 - reset_database - INFO - Reading schema from /Users/shaanp/Documents/GitHub/apinpc/hyblock_dashboard/schema.sql
2025-03-05 21:00:53,319 - reset_database - INFO - Executing schema SQL
2025-03-05 21:00:53,327 - reset_database - INFO - Schema SQL executed successfully
2025-03-05 21:00:53,327 - reset_database - INFO - Database reset completed successfully
2025-03-05 21:00:53,327 - reset_database - INFO - Database reset successful
2025-03-05 21:23:40,246 - reset_database - INFO - Database connection string: postgresql://postgres:***@localhost:5432/hyblock_data
2025-03-05 21:23:40,246 - reset_database - INFO - Reset attempt 1/3
2025-03-05 21:23:40,246 - reset_database - INFO - Starting database reset process
2025-03-05 21:23:40,246 - reset_database - INFO - Checking if database hyblock_data exists
2025-03-05 21:23:40,246 - reset_database - INFO - Connection parameters: host=localhost, port=5432, user=postgres
2025-03-05 21:23:40,272 - reset_database - INFO - Database hyblock_data already exists
2025-03-05 21:23:40,272 - reset_database - INFO - Connecting to database hyblock_data
2025-03-05 21:23:40,278 - reset_database - INFO - Reading schema from /Users/shaanp/Documents/GitHub/apinpc/hyblock_dashboard/schema.sql
2025-03-05 21:23:40,278 - reset_database - INFO - Executing schema SQL
2025-03-05 21:23:40,286 - reset_database - INFO - Schema SQL executed successfully
2025-03-05 21:23:40,286 - reset_database - INFO - Database reset completed successfully
2025-03-05 21:23:40,286 - reset_database - INFO - Database reset successful
2025-03-05 21:27:26,101 - reset_database - INFO - Database connection string: postgresql://postgres:***@localhost:5432/hyblock_data
2025-03-05 21:27:26,101 - reset_database - INFO - Reset attempt 1/3
2025-03-05 21:27:26,101 - reset_database - INFO - Starting database reset process
2025-03-05 21:27:26,101 - reset_database - INFO - Checking if database hyblock_data exists
2025-03-05 21:27:26,101 - reset_database - INFO - Connection parameters: host=localhost, port=5432, user=postgres
2025-03-05 21:27:26,124 - reset_database - INFO - Database hyblock_data already exists
2025-03-05 21:27:26,124 - reset_database - INFO - Connecting to database hyblock_data
2025-03-05 21:27:26,130 - reset_database - INFO - Reading schema from /Users/shaanp/Documents/GitHub/apinpc/hyblock_dashboard/schema.sql
2025-03-05 21:27:26,130 - reset_database - INFO - Executing schema SQL
2025-03-05 21:27:26,139 - reset_database - INFO - Schema SQL executed successfully
2025-03-05 21:27:26,140 - reset_database - INFO - Database reset completed successfully
2025-03-05 21:27:26,140 - reset_database - INFO - Database reset successful
2025-03-05 21:36:40,441 - reset_database - INFO - Database connection string: postgresql://postgres:***@localhost:5432/hyblock_data
2025-03-05 21:36:40,441 - reset_database - INFO - Reset attempt 1/3
2025-03-05 21:36:40,441 - reset_database - INFO - Starting database reset process
2025-03-05 21:36:40,441 - reset_database - INFO - Checking if database hyblock_data exists
2025-03-05 21:36:40,441 - reset_database - INFO - Connection parameters: host=localhost, port=5432, user=postgres
2025-03-05 21:36:40,473 - reset_database - INFO - Database hyblock_data already exists
2025-03-05 21:36:40,473 - reset_database - INFO - Connecting to database hyblock_data
2025-03-05 21:36:40,479 - reset_database - INFO - Reading schema from /Users/shaanp/Documents/GitHub/apinpc/hyblock_dashboard/schema.sql
2025-03-05 21:36:40,479 - reset_database - INFO - Executing schema SQL
2025-03-05 21:36:40,488 - reset_database - INFO - Schema SQL executed successfully
2025-03-05 21:36:40,488 - reset_database - INFO - Database reset completed successfully
2025-03-05 21:36:40,488 - reset_database - INFO - Database reset successful
2025-03-05 21:50:45,126 - reset_database - INFO - Database connection string: postgresql://postgres:***@localhost:5432/hyblock_data
2025-03-05 21:50:45,126 - reset_database - INFO - Reset attempt 1/3
2025-03-05 21:50:45,126 - reset_database - INFO - Starting database reset process
2025-03-05 21:50:45,126 - reset_database - INFO - Checking if database hyblock_data exists
2025-03-05 21:50:45,126 - reset_database - INFO - Connection parameters: host=localhost, port=5432, user=postgres
2025-03-05 21:50:45,160 - reset_database - INFO - Database hyblock_data already exists
2025-03-05 21:50:45,160 - reset_database - INFO - Connecting to database hyblock_data
2025-03-05 21:50:45,165 - reset_database - INFO - Reading schema from /Users/shaanp/Documents/GitHub/apinpc/hyblock_dashboard/schema.sql
2025-03-05 21:50:45,165 - reset_database - INFO - Executing schema SQL
2025-03-05 21:50:45,173 - reset_database - INFO - Schema SQL executed successfully
2025-03-05 21:50:45,173 - reset_database - INFO - Database reset completed successfully
2025-03-05 21:50:45,173 - reset_database - INFO - Database reset successful
2025-03-05 22:05:52,209 - reset_database - INFO - Database connection string: postgresql://postgres:***@localhost:5432/hyblock_data
2025-03-05 22:05:52,209 - reset_database - INFO - Reset attempt 1/3
2025-03-05 22:05:52,209 - reset_database - INFO - Starting database reset process
2025-03-05 22:05:52,209 - reset_database - INFO - Checking if database hyblock_data exists
2025-03-05 22:05:52,209 - reset_database - INFO - Connection parameters: host=localhost, port=5432, user=postgres
2025-03-05 22:05:52,216 - reset_database - ERROR - Database connection error: connection to server at "localhost" (::1), port 5432 failed: FATAL:  role "postgres" does not exist

2025-03-05 22:05:52,216 - reset_database - ERROR - Please ensure PostgreSQL is running and accessible with the provided credentials
2025-03-05 22:05:52,216 - reset_database - ERROR - Attempted to connect to: postgresql://postgres:***@localhost:5432/postgres
2025-03-05 22:05:52,216 - reset_database - ERROR - Failed to check/create database, aborting reset
2025-03-05 22:05:52,216 - reset_database - INFO - Retrying in 2 seconds...
2025-03-05 22:05:54,222 - reset_database - INFO - Reset attempt 2/3
2025-03-05 22:05:54,222 - reset_database - INFO - Starting database reset process
2025-03-05 22:05:54,222 - reset_database - INFO - Checking if database hyblock_data exists
2025-03-05 22:05:54,222 - reset_database - INFO - Connection parameters: host=localhost, port=5432, user=postgres
2025-03-05 22:05:54,227 - reset_database - ERROR - Database connection error: connection to server at "localhost" (::1), port 5432 failed: FATAL:  role "postgres" does not exist

2025-03-05 22:05:54,227 - reset_database - ERROR - Please ensure PostgreSQL is running and accessible with the provided credentials
2025-03-05 22:05:54,227 - reset_database - ERROR - Attempted to connect to: postgresql://postgres:***@localhost:5432/postgres
2025-03-05 22:05:54,227 - reset_database - ERROR - Failed to check/create database, aborting reset
2025-03-05 22:05:54,227 - reset_database - INFO - Retrying in 4 seconds...
2025-03-05 22:05:58,232 - reset_database - INFO - Reset attempt 3/3
2025-03-05 22:05:58,232 - reset_database - INFO - Starting database reset process
2025-03-05 22:05:58,232 - reset_database - INFO - Checking if database hyblock_data exists
2025-03-05 22:05:58,232 - reset_database - INFO - Connection parameters: host=localhost, port=5432, user=postgres
2025-03-05 22:05:58,237 - reset_database - ERROR - Database connection error: connection to server at "localhost" (::1), port 5432 failed: FATAL:  role "postgres" does not exist

2025-03-05 22:05:58,238 - reset_database - ERROR - Please ensure PostgreSQL is running and accessible with the provided credentials
2025-03-05 22:05:58,238 - reset_database - ERROR - Attempted to connect to: postgresql://postgres:***@localhost:5432/postgres
2025-03-05 22:05:58,238 - reset_database - ERROR - Failed to check/create database, aborting reset
2025-03-05 22:05:58,238 - reset_database - ERROR - All reset attempts failed
2025-03-05 22:07:41,511 - reset_database - INFO - Database connection string: postgresql://shaanp:***@localhost:5432/hyblock_data
2025-03-05 22:07:41,511 - reset_database - INFO - Reset attempt 1/3
2025-03-05 22:07:41,511 - reset_database - INFO - Starting database reset process
2025-03-05 22:07:41,511 - reset_database - INFO - Checking if database hyblock_data exists
2025-03-05 22:07:41,511 - reset_database - INFO - Connection parameters: host=localhost, port=5432, user=shaanp
2025-03-05 22:07:41,531 - reset_database - INFO - Database hyblock_data already exists
2025-03-05 22:07:41,532 - reset_database - INFO - Connecting to database hyblock_data
2025-03-05 22:07:41,539 - reset_database - INFO - Reading schema from /Users/shaanp/Documents/GitHub/apinpc/hyblock_dashboard/schema.sql
2025-03-05 22:07:41,539 - reset_database - INFO - Executing schema SQL
2025-03-05 22:07:41,575 - reset_database - INFO - Schema SQL executed successfully
2025-03-05 22:07:41,575 - reset_database - INFO - Database reset completed successfully
2025-03-05 22:07:41,575 - reset_database - INFO - Database reset successful
